[debug] T[0]: n_instrs=75 n_edges=5
[debug] T[1]: n_instrs=75 n_edges=5
[debug] T[2]: n_instrs=75 n_edges=5
[debug] T[3]: n_instrs=75 n_edges=5
[debug] T[4]: n_instrs=75 n_edges=5
[debug] T[5]: n_instrs=75 n_edges=5
Procs 12
[debug] worker start id=0 TID=27668 CPU=9
[debug] worker start id=3 TID=27671 CPU=9
[debug] worker start id=1 TID=27669 CPU=6
[debug] worker start id=5 TID=27673 CPU=9
[debug] worker start id=4 TID=27672 CPU=2
[debug] worker start id=2 TID=27670 CPU=11
[DIV0] DIV pe=4 instr=0x7f0e7a5d3500 tag=0 exec=1 a=0 b=0 immed=0 hits=1
[DIV0] DIV pe=4 instr=0x7f0e7a5d3500 tag=0 exec=1048577 a=0 b=0 immed=0 hits=2
[DIV0] DIV pe=4 instr=0x7f0e7a5d3500 tag=0 exec=1 a=0 b=0 immed=0 hits=3
[DIV0] DIV pe=4 instr=0x7f0e7a5d3500 tag=0 exec=1048577 a=0 b=0 immed=0 hits=4
[DIV0] DIV pe=0 instr=0x7f0e87ac6a00 tag=0 exec=1 a=0 b=0 immed=0 hits=5
[DIV0] DIV pe=0 instr=0x7f0e87ac6a00 tag=0 exec=1 a=0 b=0 immed=0 hits=6
[DIV0] DIV pe=0 instr=0x7f0e87ac6a00 tag=0 exec=1048577 a=0 b=0 immed=0 hits=7
[debug] worker end id=0
[debug] worker end id=1
[debug] worker end id=2
[debug] worker end id=4
[debug] worker end id=3
[debug] worker end id=5
