[debug] T[0]: n_instrs=113 n_edges=3
[debug] T[1]: n_instrs=113 n_edges=3
[debug] T[2]: n_instrs=112 n_edges=3
[debug] T[3]: n_instrs=112 n_edges=3
Procs 12
[debug] worker start id=0 TID=20620 CPU=9
[debug] worker start id=2 TID=20622 CPU=6
[debug] worker start id=1 TID=20621 CPU=11
[debug] worker start id=3 TID=20623 CPU=9
[DIV0] DIV pe=2 instr=0x7fc63886acb0 tag=0 exec=1 a=0 b=0 immed=0 hits=1
[DIV0] DIV pe=2 instr=0x7fc63b3dd1c0 tag=0 exec=1 a=0 b=0 immed=0 hits=2
[DIV0] DIV pe=2 instr=0x7fc63886acb0 tag=0 exec=1048577 a=0 b=0 immed=0 hits=3
[DIV0] DIV pe=2 instr=0x7fc63b3dd1c0 tag=0 exec=1048577 a=0 b=0 immed=0 hits=4
[DIV0] DIV pe=2 instr=0x7fc63886acb0 tag=0 exec=1 a=0 b=0 immed=0 hits=5
[DIV0] DIV pe=2 instr=0x7fc63b3dd1c0 tag=0 exec=1 a=0 b=0 immed=0 hits=6
[DIV0] DIV pe=2 instr=0x7fc63886acb0 tag=0 exec=1048577 a=0 b=0 immed=0 hits=7
[DIV0] DIV pe=2 instr=0x7fc63b3dd1c0 tag=0 exec=1048577 a=0 b=0 immed=0 hits=8
[debug] worker end id=1
[debug] worker end id=2
[debug] worker end id=3
[debug] worker end id=0
