[debug] T[0]: n_instrs=56 n_edges=7
[debug] T[1]: n_instrs=56 n_edges=7
[debug] T[2]: n_instrs=56 n_edges=7
[debug] T[3]: n_instrs=56 n_edges=7
[debug] T[4]: n_instrs=56 n_edges=7
[debug] T[5]: n_instrs=56 n_edges=7
[debug] T[6]: n_instrs=56 n_edges=7
[debug] T[7]: n_instrs=56 n_edges=7
Procs 12
[debug] worker start id=0 TID=22921 CPU=8
[debug] worker start id=3 TID=22924 CPU=8
[debug] worker start id=1 TID=22922 CPU=9
[debug] worker start id=4 TID=22925 CPU=8
[debug] worker start id=2 TID=22923 CPU=6
[debug] worker start id=5 TID=22926 CPU=8
[debug] worker start id=6 TID=22927 CPU=8
[debug] worker start id=7 TID=22928 CPU=8
[DIV0] DIV pe=4 instr=0x7f4c48db23b0 tag=0 exec=1048577 a=0 b=0 immed=0 hits=1
[DIV0] DIV pe=4 instr=0x7f4c48db23b0 tag=0 exec=1 a=0 b=0 immed=0 hits=2
[DIV0] DIV pe=0 instr=0x7f4c5015b660 tag=0 exec=1048577 a=0 b=0 immed=0 hits=3
[DIV0] DIV pe=0 instr=0x7f4c5015b660 tag=0 exec=1048577 a=0 b=0 immed=0 hits=4
[DIV0] DIV pe=0 instr=0x7f4c5015b660 tag=0 exec=1 a=0 b=0 immed=0 hits=5
[DIV0] DIV pe=0 instr=0x7f4c5015b660 tag=0 exec=1 a=0 b=0 immed=0 hits=6
[DIV0] DIV pe=4 instr=0x7f4c48db23b0 tag=0 exec=1048577 a=0 b=0 immed=0 hits=7
[DIV0] DIV pe=4 instr=0x7f4c48db23b0 tag=0 exec=1 a=0 b=0 immed=0 hits=8
[debug] worker end id=1
[debug] worker end id=0
[debug] worker end id=3
[debug] worker end id=6
[debug] worker end id=4
[debug] worker end id=7
[debug] worker end id=5
[debug] worker end id=2
