[debug] T[0]: n_instrs=75 n_edges=5
[debug] T[1]: n_instrs=75 n_edges=5
[debug] T[2]: n_instrs=75 n_edges=5
[debug] T[3]: n_instrs=75 n_edges=5
[debug] T[4]: n_instrs=75 n_edges=5
[debug] T[5]: n_instrs=75 n_edges=5
Procs 12
[debug] worker start id=1 TID=6011 CPU=10
[debug] worker start id=0 TID=6010 CPU=11
[debug] worker start id=3 TID=6013 CPU=10
[debug] worker start id=2 TID=6012 CPU=5
[debug] worker start id=4 TID=6014 CPU=11
[debug] worker start id=5 TID=6015 CPU=11
[DIV0] DIV pe=4 instr=0x7f2fa91d3500 tag=0 exec=1048577 a=0 b=0 immed=0 hits=1
[DIV0] DIV pe=4 instr=0x7f2fa91d3500 tag=0 exec=1 a=0 b=0 immed=0 hits=2
[DIV0] DIV pe=4 instr=0x7f2fa91d3500 tag=0 exec=1 a=0 b=0 immed=0 hits=3
[DIV0] DIV pe=0 instr=0x7f2fb66c6a00 tag=0 exec=1048577 a=0 b=0 immed=0 hits=4
[DIV0] DIV pe=0 instr=0x7f2fb66c6a00 tag=0 exec=1 a=0 b=0 immed=0 hits=5
[DIV0] DIV pe=0 instr=0x7f2fb66c6a00 tag=0 exec=1048577 a=0 b=0 immed=0 hits=6
[DIV0] DIV pe=0 instr=0x7f2fb66c6a00 tag=0 exec=1 a=0 b=0 immed=0 hits=7
[debug] worker end id=4
[debug] worker end id=0
[debug] worker end id=1
[debug] worker end id=5
[debug] worker end id=2
[debug] worker end id=3
