[debug] T[0]: n_instrs=15738 n_edges=5
[debug] T[1]: n_instrs=15738 n_edges=5
[debug] T[2]: n_instrs=15738 n_edges=5
[debug] T[3]: n_instrs=15737 n_edges=5
[debug] T[4]: n_instrs=15737 n_edges=5
[debug] T[5]: n_instrs=15737 n_edges=5
Procs 12
[debug] worker start id=0 TID=30559 CPU=11
[debug] worker start id=2 TID=30561 CPU=0
[debug] worker start id=5 TID=30564 CPU=10
[debug] worker start id=3 TID=30562 CPU=2
[debug] worker start id=1 TID=30560 CPU=8
[debug] worker start id=4 TID=30563 CPU=4
[DIV0] DIV pe=3 instr=0x7f0c95a74ab0 tag=0 exec=1 a=0 b=0 immed=0 hits=1
[DIV0] DIV pe=3 instr=0x7f0c95a74ab0 tag=0 exec=1 a=0 b=0 immed=0 hits=2
[debug] worker end id=3
[debug] worker end id=0
[debug] worker end id=1
[debug] worker end id=4
[debug] worker end id=2
[debug] worker end id=5
