[debug] T[0]: n_instrs=57 n_edges=7
[debug] T[1]: n_instrs=57 n_edges=7
[debug] T[2]: n_instrs=56 n_edges=7
[debug] T[3]: n_instrs=56 n_edges=7
[debug] T[4]: n_instrs=56 n_edges=7
[debug] T[5]: n_instrs=56 n_edges=7
[debug] T[6]: n_instrs=56 n_edges=7
[debug] T[7]: n_instrs=56 n_edges=7
Procs 12
[debug] worker start id=0 TID=7783 CPU=10
[debug] worker start id=5 TID=7788 CPU=1
[debug] worker start id=1 TID=7784 CPU=9
[debug] worker start id=4 TID=7787 CPU=8
[debug] worker start id=3 TID=7786 CPU=1
[debug] worker start id=2 TID=7785 CPU=6
[debug] worker start id=6 TID=7789 CPU=11
[debug] worker start id=7 TID=7790 CPU=9
[DIV0] DIV pe=2 instr=0x7f479ad97660 tag=0 exec=1 a=0 b=0 immed=0 hits=1
[DIV0] DIV pe=2 instr=0x7f479ad97660 tag=0 exec=1048577 a=0 b=0 immed=0 hits=2
[DIV0] DIV pe=2 instr=0x7f479ad97660 tag=0 exec=1 a=0 b=0 immed=0 hits=3
[DIV0] DIV pe=6 instr=0x7f47939ee3b0 tag=0 exec=1 a=0 b=0 immed=0 hits=4
[DIV0] DIV pe=6 instr=0x7f47939ee3b0 tag=0 exec=1048577 a=0 b=0 immed=0 hits=5
[DIV0] DIV pe=6 instr=0x7f47939ee3b0 tag=0 exec=1 a=0 b=0 immed=0 hits=6
[DIV0] DIV pe=6 instr=0x7f47939ee3b0 tag=0 exec=1048577 a=0 b=0 immed=0 hits=7
[debug] worker end id=6
[debug] worker end id=7
[debug] worker end id=1
[debug] worker end id=0
[debug] worker end id=4
[debug] worker end id=3
[debug] worker end id=2
[debug] worker end id=5
