[debug] T[0]: n_instrs=8394 n_edges=5
[debug] T[1]: n_instrs=8394 n_edges=5
[debug] T[2]: n_instrs=8394 n_edges=5
[debug] T[3]: n_instrs=8393 n_edges=5
[debug] T[4]: n_instrs=8393 n_edges=5
[debug] T[5]: n_instrs=8393 n_edges=5
Procs 12
[debug] worker start id=0 TID=29089 CPU=10
[debug] worker start id=1 TID=29090 CPU=8
[debug] worker start id=2 TID=29091 CPU=10
[debug] worker start id=5 TID=29094 CPU=11
[debug] worker start id=4 TID=29093 CPU=6
[debug] worker start id=3 TID=29092 CPU=3
[DIV0] DIV pe=3 instr=0x7f3926335db0 tag=0 exec=1 a=0 b=0 immed=0 hits=1
[DIV0] DIV pe=3 instr=0x7f3926335db0 tag=0 exec=1 a=0 b=0 immed=0 hits=2
[debug] worker end id=5
[debug] worker end id=4
[debug] worker end id=0
[debug] worker end id=1
[debug] worker end id=3
[debug] worker end id=2
