[debug] T[0]: n_instrs=46784 n_edges=7
[debug] T[1]: n_instrs=46783 n_edges=7
[debug] T[2]: n_instrs=46783 n_edges=7
[debug] T[3]: n_instrs=46783 n_edges=7
[debug] T[4]: n_instrs=46783 n_edges=7
[debug] T[5]: n_instrs=46783 n_edges=7
[debug] T[6]: n_instrs=46783 n_edges=7
[debug] T[7]: n_instrs=46783 n_edges=7
Procs 12
[debug] worker start id=5 TID=15308 CPU=2
[debug] worker start id=0 TID=15302 CPU=8
[debug] worker start id=1 TID=15304 CPU=9
[debug] worker start id=6 TID=15309 CPU=3
[debug] worker start id=4 TID=15307 CPU=11
[debug] worker start id=2 TID=15305 CPU=8
[debug] worker start id=3 TID=15306 CPU=7
[debug] worker start id=7 TID=15310 CPU=6
[DIV0] DIV pe=7 instr=0x7f2072c05290 tag=0 exec=1 a=0 b=0 immed=0 hits=1
[DIV0] DIV pe=7 instr=0x7f2072c05290 tag=0 exec=1 a=0 b=0 immed=0 hits=2
[debug] worker end id=2
[debug] worker end id=0
[debug] worker end id=1
[debug] worker end id=4
[debug] worker end id=5
[debug] worker end id=6
[debug] worker end id=7
[debug] worker end id=3
