[debug] T[0]: n_instrs=62378 n_edges=5
[debug] T[1]: n_instrs=62378 n_edges=5
[debug] T[2]: n_instrs=62378 n_edges=5
[debug] T[3]: n_instrs=62377 n_edges=5
[debug] T[4]: n_instrs=62377 n_edges=5
[debug] T[5]: n_instrs=62377 n_edges=5
Procs 12
[debug] worker start id=5 TID=14592 CPU=7
[debug] worker start id=1 TID=14588 CPU=11
[debug] worker start id=4 TID=14591 CPU=10
[debug] worker start id=0 TID=14587 CPU=6
[debug] worker start id=2 TID=14589 CPU=3
[debug] worker start id=3 TID=14590 CPU=8
[DIV0] DIV pe=3 instr=0x7ef17a830fb0 tag=0 exec=1 a=0 b=0 immed=0 hits=1
[debug] worker end id=4
[debug] worker end id=0
[debug] worker end id=2
[debug] worker end id=5
[debug] worker end id=3
[debug] worker end id=1
