[debug] T[0]: n_instrs=13034 n_edges=5
[debug] T[1]: n_instrs=13034 n_edges=5
[debug] T[2]: n_instrs=13034 n_edges=5
[debug] T[3]: n_instrs=13033 n_edges=5
[debug] T[4]: n_instrs=13033 n_edges=5
[debug] T[5]: n_instrs=13033 n_edges=5
Procs 12
[debug] worker start id=1 TID=30065 CPU=11
[debug] worker start id=0 TID=30064 CPU=4
[debug] worker start id=2 TID=30066 CPU=6
[debug] worker start id=5 TID=30069 CPU=9
[debug] worker start id=4 TID=30068 CPU=2
[debug] worker start id=3 TID=30067 CPU=0
[DIV0] DIV pe=3 instr=0x7fa491543bb0 tag=0 exec=1 a=0 b=0 immed=0 hits=1
[DIV0] DIV pe=3 instr=0x7fa491543bb0 tag=0 exec=1 a=0 b=0 immed=0 hits=2
[debug] worker end id=5
[debug] worker end id=3
[debug] worker end id=2
[debug] worker end id=4
[debug] worker end id=1
[debug] worker end id=0
