[debug] T[0]: n_instrs=4844 n_edges=7
[debug] T[1]: n_instrs=4843 n_edges=7
[debug] T[2]: n_instrs=4843 n_edges=7
[debug] T[3]: n_instrs=4843 n_edges=7
[debug] T[4]: n_instrs=4843 n_edges=7
[debug] T[5]: n_instrs=4843 n_edges=7
[debug] T[6]: n_instrs=4843 n_edges=7
[debug] T[7]: n_instrs=4843 n_edges=7
Procs 12
[debug] worker start id=0 TID=28753 CPU=9
[debug] worker start id=1 TID=28754 CPU=10
[debug] worker start id=4 TID=28757 CPU=9
[debug] worker start id=6 TID=28759 CPU=2
[debug] worker start id=7 TID=28760 CPU=9
[debug] worker start id=5 TID=28758 CPU=8
[debug] worker start id=2 TID=28755 CPU=5
[debug] worker start id=3 TID=28756 CPU=6
[DIV0] DIV pe=7 instr=0x7f2ba82a2dd0 tag=0 exec=1 a=0 b=0 immed=0 hits=1
[DIV0] DIV pe=7 instr=0x7f2ba82a2dd0 tag=0 exec=1 a=0 b=0 immed=0 hits=2
[debug] worker end id=6
[debug] worker end id=0
[debug] worker end id=1
[debug] worker end id=4
[debug] worker end id=3
[debug] worker end id=5
[debug] worker end id=7
[debug] worker end id=2
