[debug] T[0]: n_instrs=56 n_edges=7
[debug] T[1]: n_instrs=56 n_edges=7
[debug] T[2]: n_instrs=56 n_edges=7
[debug] T[3]: n_instrs=56 n_edges=7
[debug] T[4]: n_instrs=56 n_edges=7
[debug] T[5]: n_instrs=56 n_edges=7
[debug] T[6]: n_instrs=56 n_edges=7
[debug] T[7]: n_instrs=56 n_edges=7
Procs 12
[debug] worker start id=2 TID=20606 CPU=6
[debug] worker start id=4 TID=20608 CPU=2
[debug] worker start id=1 TID=20605 CPU=11
[debug] worker start id=0 TID=20604 CPU=6
[debug] worker start id=3 TID=20607 CPU=11
[debug] worker start id=5 TID=20609 CPU=10
[debug] worker start id=7 TID=20611 CPU=11
[debug] worker start id=6 TID=20610 CPU=6
[DIV0] DIV pe=0 instr=0x7fb27cb5b660 tag=0 exec=1 a=0 b=0 immed=0 hits=1
[DIV0] DIV pe=4 instr=0x7fb2757b23b0 tag=0 exec=1 a=0 b=0 immed=0 hits=2
[DIV0] DIV pe=4 instr=0x7fb2757b23b0 tag=0 exec=1 a=0 b=0 immed=0 hits=3
[DIV0] DIV pe=4 instr=0x7fb2757b23b0 tag=0 exec=1048577 a=0 b=0 immed=0 hits=4
[DIV0] DIV pe=0 instr=0x7fb27cb5b660 tag=0 exec=1 a=0 b=0 immed=0 hits=5
[DIV0] DIV pe=0 instr=0x7fb27cb5b660 tag=0 exec=1048577 a=0 b=0 immed=0 hits=6
[debug] worker end id=2
[debug] worker end id=3
[debug] worker end id=1
[debug] worker end id=0
[debug] worker end id=6
[debug] worker end id=7
[debug] worker end id=4
[debug] worker end id=5
