[debug] T[0]: n_instrs=80474 n_edges=5
[debug] T[1]: n_instrs=80474 n_edges=5
[debug] T[2]: n_instrs=80474 n_edges=5
[debug] T[3]: n_instrs=80473 n_edges=5
[debug] T[4]: n_instrs=80473 n_edges=5
[debug] T[5]: n_instrs=80473 n_edges=5
Procs 12
[debug] worker start id=0 TID=24013 CPU=8
[debug] worker start id=4 TID=24017 CPU=7
[debug] worker start id=5 TID=24018 CPU=5
[debug] worker start id=3 TID=24016 CPU=7
[debug] worker start id=2 TID=24015 CPU=8
[debug] worker start id=1 TID=24014 CPU=9
[DIV0] DIV pe=3 instr=0x7f044df47cb0 tag=0 exec=1 a=0 b=0 immed=0 hits=1
[debug] worker end id=5
[debug] worker end id=1
[debug] worker end id=0
[debug] worker end id=4
[debug] worker end id=2
[debug] worker end id=3
