[debug] T[0]: n_instrs=75 n_edges=5
[debug] T[1]: n_instrs=75 n_edges=5
[debug] T[2]: n_instrs=75 n_edges=5
[debug] T[3]: n_instrs=75 n_edges=5
[debug] T[4]: n_instrs=75 n_edges=5
[debug] T[5]: n_instrs=75 n_edges=5
Procs 12
[debug] worker start id=0 TID=3783 CPU=8
[debug] worker start id=1 TID=3784 CPU=10
[debug] worker start id=3 TID=3786 CPU=10
[debug] worker start id=4 TID=3787 CPU=10
[debug] worker start id=5 TID=3788 CPU=10
[debug] worker start id=2 TID=3785 CPU=0
[DIV0] DIV pe=4 instr=0x7f60c3fd3500 tag=0 exec=1048577 a=0 b=0 immed=0 hits=1
[DIV0] DIV pe=4 instr=0x7f60c3fd3500 tag=0 exec=1 a=0 b=0 immed=0 hits=2
[DIV0] DIV pe=4 instr=0x7f60c3fd3500 tag=0 exec=1048577 a=0 b=0 immed=0 hits=3
[DIV0] DIV pe=4 instr=0x7f60c3fd3500 tag=0 exec=1 a=0 b=0 immed=0 hits=4
[DIV0] DIV pe=0 instr=0x7f60d14c6a00 tag=0 exec=1 a=0 b=0 immed=0 hits=5
[DIV0] DIV pe=0 instr=0x7f60d14c6a00 tag=0 exec=1048577 a=0 b=0 immed=0 hits=6
[DIV0] DIV pe=0 instr=0x7f60d14c6a00 tag=0 exec=1048577 a=0 b=0 immed=0 hits=7
[DIV0] DIV pe=0 instr=0x7f60d14c6a00 tag=0 exec=1 a=0 b=0 immed=0 hits=8
[debug] worker end id=3
[debug] worker end id=2
[debug] worker end id=4
[debug] worker end id=1
[debug] worker end id=5
[debug] worker end id=0
