[debug] T[0]: n_instrs=113 n_edges=3
[debug] T[1]: n_instrs=113 n_edges=3
[debug] T[2]: n_instrs=112 n_edges=3
[debug] T[3]: n_instrs=112 n_edges=3
Procs 12
[debug] worker start id=0 TID=15653 CPU=8
[debug] worker start id=2 TID=15655 CPU=2
[debug] worker start id=1 TID=15654 CPU=5
[debug] worker start id=3 TID=15656 CPU=11
[DIV0] DIV pe=2 instr=0x7f56b4a6acb0 tag=0 exec=1 a=0 b=0 immed=0 hits=1
[DIV0] DIV pe=2 instr=0x7f56b75dd1c0 tag=0 exec=1 a=0 b=0 immed=0 hits=2
[DIV0] DIV pe=2 instr=0x7f56b4a6acb0 tag=0 exec=1048577 a=0 b=0 immed=0 hits=3
[DIV0] DIV pe=2 instr=0x7f56b75dd1c0 tag=0 exec=1048577 a=0 b=0 immed=0 hits=4
[DIV0] DIV pe=2 instr=0x7f56b4a6acb0 tag=0 exec=1 a=0 b=0 immed=0 hits=5
[DIV0] DIV pe=2 instr=0x7f56b75dd1c0 tag=0 exec=1 a=0 b=0 immed=0 hits=6
[DIV0] DIV pe=2 instr=0x7f56b4a6acb0 tag=0 exec=1048577 a=0 b=0 immed=0 hits=7
[DIV0] DIV pe=2 instr=0x7f56b75dd1c0 tag=0 exec=1048577 a=0 b=0 immed=0 hits=8
[debug] worker end id=3
[debug] worker end id=2
[debug] worker end id=1
[debug] worker end id=0
