[debug] T[0]: n_instrs=29114 n_edges=5
[debug] T[1]: n_instrs=29114 n_edges=5
[debug] T[2]: n_instrs=29114 n_edges=5
[debug] T[3]: n_instrs=29113 n_edges=5
[debug] T[4]: n_instrs=29113 n_edges=5
[debug] T[5]: n_instrs=29113 n_edges=5
Procs 12
[debug] worker start id=3 TID=32610 CPU=1
[debug] worker start id=1 TID=32608 CPU=10
[debug] worker start id=5 TID=32612 CPU=8
[debug] worker start id=0 TID=32607 CPU=9
[debug] worker start id=2 TID=32609 CPU=2
[debug] worker start id=4 TID=32611 CPU=5
[DIV0] DIV pe=3 instr=0x7f39b10ee6b0 tag=0 exec=1 a=0 b=0 immed=0 hits=1
[DIV0] DIV pe=3 instr=0x7f39b10ee6b0 tag=0 exec=1 a=0 b=0 immed=0 hits=2
[debug] worker end id=5
[debug] worker end id=0
[debug] worker end id=1
[debug] worker end id=2
[debug] worker end id=3
[debug] worker end id=4
