[debug] T[0]: n_instrs=31376 n_edges=7
[debug] T[1]: n_instrs=31375 n_edges=7
[debug] T[2]: n_instrs=31375 n_edges=7
[debug] T[3]: n_instrs=31375 n_edges=7
[debug] T[4]: n_instrs=31375 n_edges=7
[debug] T[5]: n_instrs=31375 n_edges=7
[debug] T[6]: n_instrs=31375 n_edges=7
[debug] T[7]: n_instrs=31375 n_edges=7
Procs 12
[debug] worker start id=0 TID=5318 CPU=10
[debug] worker start id=1 TID=5319 CPU=9
[debug] worker start id=2 TID=5320 CPU=6
[debug] worker start id=4 TID=5322 CPU=6
[debug] worker start id=5 TID=5323 CPU=10
[debug] worker start id=6 TID=5324 CPU=9
[debug] worker start id=3 TID=5321 CPU=3
[debug] worker start id=7 TID=5325 CPU=8
[DIV0] DIV pe=7 instr=0x7fc367246d90 tag=0 exec=1 a=0 b=0 immed=0 hits=1
[DIV0] DIV pe=7 instr=0x7fc367246d90 tag=0 exec=1 a=0 b=0 immed=0 hits=2
[debug] worker end id=1
[debug] worker end id=4
[debug] worker end id=2
[debug] worker end id=3
[debug] worker end id=5
[debug] worker end id=7
[debug] worker end id=6
[debug] worker end id=0
