[debug] T[0]: n_instrs=10586 n_edges=5
[debug] T[1]: n_instrs=10586 n_edges=5
[debug] T[2]: n_instrs=10586 n_edges=5
[debug] T[3]: n_instrs=10585 n_edges=5
[debug] T[4]: n_instrs=10585 n_edges=5
[debug] T[5]: n_instrs=10585 n_edges=5
Procs 12
[debug] worker start id=0 TID=29575 CPU=9
[debug] worker start id=1 TID=29576 CPU=8
[debug] worker start id=3 TID=29578 CPU=6
[debug] worker start id=2 TID=29577 CPU=4
[debug] worker start id=4 TID=29579 CPU=2
[debug] worker start id=5 TID=29580 CPU=10
[DIV0] DIV pe=3 instr=0x7f1a3395ccb0 tag=0 exec=1 a=0 b=0 immed=0 hits=1
[DIV0] DIV pe=3 instr=0x7f1a3395ccb0 tag=0 exec=1 a=0 b=0 immed=0 hits=2
[debug] worker end id=5
[debug] worker end id=0
[debug] worker end id=4
[debug] worker end id=1
[debug] worker end id=3
[debug] worker end id=2
