[debug] T[0]: n_instrs=56 n_edges=7
[debug] T[1]: n_instrs=56 n_edges=7
[debug] T[2]: n_instrs=56 n_edges=7
[debug] T[3]: n_instrs=56 n_edges=7
[debug] T[4]: n_instrs=56 n_edges=7
[debug] T[5]: n_instrs=56 n_edges=7
[debug] T[6]: n_instrs=56 n_edges=7
[debug] T[7]: n_instrs=56 n_edges=7
Procs 12
[debug] worker start id=0 TID=7430 CPU=8
[debug] worker start id=1 TID=7431 CPU=10
[debug] worker start id=6 TID=7436 CPU=8
[debug] worker start id=4 TID=7434 CPU=10
[debug] worker start id=7 TID=7437 CPU=7
[debug] worker start id=5 TID=7435 CPU=11
[debug] worker start id=2 TID=7432 CPU=2
[debug] worker start id=3 TID=7433 CPU=4
[DIV0] DIV pe=0 instr=0x7f52ab15b660 tag=0 exec=1 a=0 b=0 immed=0 hits=1
[DIV0] DIV pe=0 instr=0x7f52ab15b660 tag=0 exec=1048577 a=0 b=0 immed=0 hits=2
[DIV0] DIV pe=4 instr=0x7f52a3db23b0 tag=0 exec=1 a=0 b=0 immed=0 hits=3
[DIV0] DIV pe=4 instr=0x7f52a3db23b0 tag=0 exec=1048577 a=0 b=0 immed=0 hits=4
[DIV0] DIV pe=4 instr=0x7f52a3db23b0 tag=0 exec=1048577 a=0 b=0 immed=0 hits=5
[DIV0] DIV pe=4 instr=0x7f52a3db23b0 tag=0 exec=1 a=0 b=0 immed=0 hits=6
[DIV0] DIV pe=0 instr=0x7f52ab15b660 tag=0 exec=1 a=0 b=0 immed=0 hits=7
[debug] worker end id=7
[debug] worker end id=0
[debug] worker end id=2
[debug] worker end id=6
[debug] worker end id=1
[debug] worker end id=3
[debug] worker end id=4
[debug] worker end id=5
