[debug] T[0]: n_instrs=42644 n_edges=7
[debug] T[1]: n_instrs=42643 n_edges=7
[debug] T[2]: n_instrs=42643 n_edges=7
[debug] T[3]: n_instrs=42643 n_edges=7
[debug] T[4]: n_instrs=42643 n_edges=7
[debug] T[5]: n_instrs=42643 n_edges=7
[debug] T[6]: n_instrs=42643 n_edges=7
[debug] T[7]: n_instrs=42643 n_edges=7
Procs 12
[debug] worker start id=1 TID=12607 CPU=10
[debug] worker start id=0 TID=12606 CPU=8
[debug] worker start id=2 TID=12608 CPU=2
[debug] worker start id=6 TID=12612 CPU=10
[debug] worker start id=3 TID=12609 CPU=5
[debug] worker start id=4 TID=12610 CPU=11
[debug] worker start id=5 TID=12611 CPU=7
[debug] worker start id=7 TID=12613 CPU=8
[DIV0] DIV pe=7 instr=0x7f63c2433750 tag=0 exec=1 a=0 b=0 immed=0 hits=1
[DIV0] DIV pe=7 instr=0x7f63c2433750 tag=0 exec=1 a=0 b=0 immed=0 hits=2
[debug] worker end id=6
[debug] worker end id=1
[debug] worker end id=0
[debug] worker end id=7
[debug] worker end id=3
[debug] worker end id=2
[debug] worker end id=4
[debug] worker end id=5
