[debug] T[0]: n_instrs=11804 n_edges=7
[debug] T[1]: n_instrs=11803 n_edges=7
[debug] T[2]: n_instrs=11803 n_edges=7
[debug] T[3]: n_instrs=11803 n_edges=7
[debug] T[4]: n_instrs=11803 n_edges=7
[debug] T[5]: n_instrs=11803 n_edges=7
[debug] T[6]: n_instrs=11803 n_edges=7
[debug] T[7]: n_instrs=11803 n_edges=7
Procs 12
[debug] worker start id=6 TID=30718 CPU=5
[debug] worker start id=0 TID=30712 CPU=8
[debug] worker start id=7 TID=30719 CPU=0
[debug] worker start id=4 TID=30716 CPU=2
[debug] worker start id=3 TID=30715 CPU=7
[debug] worker start id=5 TID=30717 CPU=11
[debug] worker start id=2 TID=30714 CPU=1
[debug] worker start id=1 TID=30713 CPU=9
[DIV0] DIV pe=7 instr=0x7fa745aaa2d0 tag=0 exec=1 a=0 b=0 immed=0 hits=1
[debug] worker end id=6
[debug] worker end id=1
[debug] worker end id=2
[debug] worker end id=0
[debug] worker end id=5
[debug] worker end id=7
[debug] worker end id=3
[debug] worker end id=4
