[debug] T[0]: n_instrs=41834 n_edges=5
[debug] T[1]: n_instrs=41834 n_edges=5
[debug] T[2]: n_instrs=41834 n_edges=5
[debug] T[3]: n_instrs=41833 n_edges=5
[debug] T[4]: n_instrs=41833 n_edges=5
[debug] T[5]: n_instrs=41833 n_edges=5
Procs 12
[debug] worker start id=0 TID=4784 CPU=10
[debug] worker start id=1 TID=4785 CPU=9
[debug] worker start id=5 TID=4789 CPU=10
[debug] worker start id=4 TID=4788 CPU=2
[debug] worker start id=2 TID=4786 CPU=10
[debug] worker start id=3 TID=4787 CPU=6
[DIV0] DIV pe=3 instr=0x7f15c900e3b0 tag=0 exec=1 a=0 b=0 immed=0 hits=1
[debug] worker end id=5
[debug] worker end id=0
[debug] worker end id=4
[debug] worker end id=1
[debug] worker end id=3
[debug] worker end id=2
