[debug] T[0]: n_instrs=113 n_edges=3
[debug] T[1]: n_instrs=113 n_edges=3
[debug] T[2]: n_instrs=112 n_edges=3
[debug] T[3]: n_instrs=112 n_edges=3
Procs 12
[debug] worker start id=0 TID=21655 CPU=8
[debug] worker start id=1 TID=21656 CPU=10
[debug] worker start id=3 TID=21658 CPU=9
[debug] worker start id=2 TID=21657 CPU=6
[DIV0] DIV pe=2 instr=0x7f83d0e6acb0 tag=0 exec=1 a=0 b=0 immed=0 hits=1
[DIV0] DIV pe=2 instr=0x7f83d39dd1c0 tag=0 exec=1 a=0 b=0 immed=0 hits=2
[DIV0] DIV pe=2 instr=0x7f83d0e6acb0 tag=0 exec=1048577 a=0 b=0 immed=0 hits=3
[DIV0] DIV pe=2 instr=0x7f83d39dd1c0 tag=0 exec=1048577 a=0 b=0 immed=0 hits=4
[DIV0] DIV pe=2 instr=0x7f83d0e6acb0 tag=0 exec=1 a=0 b=0 immed=0 hits=5
[DIV0] DIV pe=2 instr=0x7f83d39dd1c0 tag=0 exec=1 a=0 b=0 immed=0 hits=6
[DIV0] DIV pe=2 instr=0x7f83d0e6acb0 tag=0 exec=1048577 a=0 b=0 immed=0 hits=7
[DIV0] DIV pe=2 instr=0x7f83d39dd1c0 tag=0 exec=1048577 a=0 b=0 immed=0 hits=8
[debug] worker end id=2
[debug] worker end id=3
[debug] worker end id=0
[debug] worker end id=1
