[debug] T[0]: n_instrs=18698 n_edges=5
[debug] T[1]: n_instrs=18698 n_edges=5
[debug] T[2]: n_instrs=18698 n_edges=5
[debug] T[3]: n_instrs=18697 n_edges=5
[debug] T[4]: n_instrs=18697 n_edges=5
[debug] T[5]: n_instrs=18697 n_edges=5
Procs 12
[debug] worker start id=1 TID=31058 CPU=9
[debug] worker start id=5 TID=31062 CPU=11
[debug] worker start id=2 TID=31059 CPU=2
[debug] worker start id=0 TID=31057 CPU=10
[debug] worker start id=4 TID=31061 CPU=4
[debug] worker start id=3 TID=31060 CPU=11
[DIV0] DIV pe=3 instr=0x7fd7680d49b0 tag=0 exec=1 a=0 b=0 immed=0 hits=1
[DIV0] DIV pe=3 instr=0x7fd7680d49b0 tag=0 exec=1 a=0 b=0 immed=0 hits=2
[debug] worker end id=3
[debug] worker end id=2
[debug] worker end id=1
[debug] worker end id=0
[debug] worker end id=4
[debug] worker end id=5
