[debug] T[0]: n_instrs=51116 n_edges=7
[debug] T[1]: n_instrs=51115 n_edges=7
[debug] T[2]: n_instrs=51115 n_edges=7
[debug] T[3]: n_instrs=51115 n_edges=7
[debug] T[4]: n_instrs=51115 n_edges=7
[debug] T[5]: n_instrs=51115 n_edges=7
[debug] T[6]: n_instrs=51115 n_edges=7
[debug] T[7]: n_instrs=51115 n_edges=7
Procs 12
[debug] worker start id=0 TID=18353 CPU=8
[debug] worker start id=1 TID=18354 CPU=9
[debug] worker start id=3 TID=18356 CPU=9
[debug] worker start id=2 TID=18355 CPU=6
[debug] worker start id=4 TID=18357 CPU=8
[debug] worker start id=5 TID=18358 CPU=8
[debug] worker start id=6 TID=18359 CPU=8
[debug] worker start id=7 TID=18360 CPU=9
[DIV0] DIV pe=7 instr=0x7f01ca1241d0 tag=0 exec=1 a=0 b=0 immed=0 hits=1
[DIV0] DIV pe=7 instr=0x7f01ca1241d0 tag=0 exec=1 a=0 b=0 immed=0 hits=2
[debug] worker end id=6
[debug] worker end id=1
[debug] worker end id=0
[debug] worker end id=5
[debug] worker end id=4
[debug] worker end id=7
[debug] worker end id=3
[debug] worker end id=2
