[debug] T[0]: n_instrs=14024 n_edges=7
[debug] T[1]: n_instrs=14023 n_edges=7
[debug] T[2]: n_instrs=14023 n_edges=7
[debug] T[3]: n_instrs=14023 n_edges=7
[debug] T[4]: n_instrs=14023 n_edges=7
[debug] T[5]: n_instrs=14023 n_edges=7
[debug] T[6]: n_instrs=14023 n_edges=7
[debug] T[7]: n_instrs=14023 n_edges=7
Procs 12
[debug] worker start id=6 TID=31220 CPU=1
[debug] worker start id=0 TID=31214 CPU=10
[debug] worker start id=5 TID=31219 CPU=8
[debug] worker start id=7 TID=31221 CPU=3
[debug] worker start id=4 TID=31218 CPU=11
[debug] worker start id=2 TID=31216 CPU=8
[debug] worker start id=3 TID=31217 CPU=4
[debug] worker start id=1 TID=31215 CPU=11
[DIV0] DIV pe=7 instr=0x7f63b5b37610 tag=0 exec=1 a=0 b=0 immed=0 hits=1
[debug] worker end id=7
[debug] worker end id=3
[debug] worker end id=6
[debug] worker end id=1
[debug] worker end id=4
[debug] worker end id=5
[debug] worker end id=0
[debug] worker end id=2
