[debug] T[0]: n_instrs=19040 n_edges=7
[debug] T[1]: n_instrs=19039 n_edges=7
[debug] T[2]: n_instrs=19039 n_edges=7
[debug] T[3]: n_instrs=19039 n_edges=7
[debug] T[4]: n_instrs=19039 n_edges=7
[debug] T[5]: n_instrs=19039 n_edges=7
[debug] T[6]: n_instrs=19039 n_edges=7
[debug] T[7]: n_instrs=19039 n_edges=7
Procs 12
[debug] worker start id=6 TID=32250 CPU=7
[debug] worker start id=0 TID=32244 CPU=9
[debug] worker start id=5 TID=32249 CPU=10
[debug] worker start id=1 TID=32245 CPU=8
[debug] worker start id=2 TID=32246 CPU=1
[debug] worker start id=3 TID=32247 CPU=2
[debug] worker start id=4 TID=32248 CPU=4
[debug] worker start id=7 TID=32251 CPU=0
[DIV0] DIV pe=7 instr=0x7f12d88a3890 tag=0 exec=1 a=0 b=0 immed=0 hits=1
[DIV0] DIV pe=7 instr=0x7f12d88a3890 tag=0 exec=1 a=0 b=0 immed=0 hits=2
[debug] worker end id=1
[debug] worker end id=0
[debug] worker end id=6
[debug] worker end id=5
[debug] worker end id=4
[debug] worker end id=7
[debug] worker end id=2
[debug] worker end id=3
