[debug] T[0]: n_instrs=57 n_edges=7
[debug] T[1]: n_instrs=57 n_edges=7
[debug] T[2]: n_instrs=56 n_edges=7
[debug] T[3]: n_instrs=56 n_edges=7
[debug] T[4]: n_instrs=56 n_edges=7
[debug] T[5]: n_instrs=56 n_edges=7
[debug] T[6]: n_instrs=56 n_edges=7
[debug] T[7]: n_instrs=56 n_edges=7
Procs 12
[debug] worker start id=0 TID=8010 CPU=10
[debug] worker start id=4 TID=8014 CPU=10
[debug] worker start id=2 TID=8012 CPU=7
[debug] worker start id=6 TID=8016 CPU=10
[debug] worker start id=3 TID=8013 CPU=5
[debug] worker start id=1 TID=8011 CPU=9
[debug] worker start id=5 TID=8015 CPU=8
[debug] worker start id=7 TID=8017 CPU=10
[DIV0] DIV pe=6 instr=0x7f4f563ee3b0 tag=0 exec=1 a=0 b=0 immed=0 hits=1
[DIV0] DIV pe=6 instr=0x7f4f563ee3b0 tag=0 exec=1 a=0 b=0 immed=0 hits=2
[DIV0] DIV pe=6 instr=0x7f4f563ee3b0 tag=0 exec=1048577 a=0 b=0 immed=0 hits=3
[DIV0] DIV pe=2 instr=0x7f4f5d797660 tag=0 exec=1 a=0 b=0 immed=0 hits=4
[DIV0] DIV pe=2 instr=0x7f4f5d797660 tag=0 exec=1048577 a=0 b=0 immed=0 hits=5
[DIV0] DIV pe=2 instr=0x7f4f5d797660 tag=0 exec=1 a=0 b=0 immed=0 hits=6
[DIV0] DIV pe=6 instr=0x7f4f563ee3b0 tag=0 exec=1048577 a=0 b=0 immed=0 hits=7
[DIV0] DIV pe=2 instr=0x7f4f5d797660 tag=0 exec=1048577 a=0 b=0 immed=0 hits=8
[debug] worker end id=7
[debug] worker end id=2
[debug] worker end id=3
[debug] worker end id=6
[debug] worker end id=4
[debug] worker end id=5
[debug] worker end id=0
[debug] worker end id=1
