[debug] T[0]: n_instrs=112 n_edges=3
[debug] T[1]: n_instrs=112 n_edges=3
[debug] T[2]: n_instrs=112 n_edges=3
[debug] T[3]: n_instrs=112 n_edges=3
Procs 12
[debug] worker start id=1 TID=9501 CPU=11
[debug] worker start id=2 TID=9502 CPU=6
[debug] worker start id=3 TID=9503 CPU=11
[debug] worker start id=0 TID=9500 CPU=4
[DIV0] DIV pe=0 instr=0x7f0937cb6cb0 tag=0 exec=1 a=0 b=0 immed=0 hits=1
[DIV0] DIV pe=0 instr=0x7f093a8291c0 tag=0 exec=1 a=0 b=0 immed=0 hits=2
[DIV0] DIV pe=0 instr=0x7f0937cb6cb0 tag=0 exec=1048577 a=0 b=0 immed=0 hits=3
[DIV0] DIV pe=0 instr=0x7f093a8291c0 tag=0 exec=1048577 a=0 b=0 immed=0 hits=4
[DIV0] DIV pe=0 instr=0x7f0937cb6cb0 tag=0 exec=1 a=0 b=0 immed=0 hits=5
[DIV0] DIV pe=0 instr=0x7f093a8291c0 tag=0 exec=1 a=0 b=0 immed=0 hits=6
[DIV0] DIV pe=0 instr=0x7f0937cb6cb0 tag=0 exec=1048577 a=0 b=0 immed=0 hits=7
[DIV0] DIV pe=0 instr=0x7f093a8291c0 tag=0 exec=1048577 a=0 b=0 immed=0 hits=8
[debug] worker end id=2
[debug] worker end id=3
[debug] worker end id=1
[debug] worker end id=0
