[debug] T[0]: n_instrs=24824 n_edges=7
[debug] T[1]: n_instrs=24823 n_edges=7
[debug] T[2]: n_instrs=24823 n_edges=7
[debug] T[3]: n_instrs=24823 n_edges=7
[debug] T[4]: n_instrs=24823 n_edges=7
[debug] T[5]: n_instrs=24823 n_edges=7
[debug] T[6]: n_instrs=24823 n_edges=7
[debug] T[7]: n_instrs=24823 n_edges=7
Procs 12
[debug] worker start id=0 TID=1305 CPU=8
[debug] worker start id=1 TID=1306 CPU=11
[debug] worker start id=5 TID=1314 CPU=7
[debug] worker start id=4 TID=1311 CPU=10
[debug] worker start id=6 TID=1319 CPU=8
[debug] worker start id=2 TID=1309 CPU=8
[debug] worker start id=7 TID=1325 CPU=10
[debug] worker start id=3 TID=1310 CPU=2
[DIV0] DIV pe=7 instr=0x7f41a2c10b10 tag=0 exec=1 a=0 b=0 immed=0 hits=1
[DIV0] DIV pe=7 instr=0x7f41a2c10b10 tag=0 exec=1 a=0 b=0 immed=0 hits=2
[debug] worker end id=7
[debug] worker end id=6
[debug] worker end id=0
[debug] worker end id=2
[debug] worker end id=3
[debug] worker end id=1
[debug] worker end id=5
[debug] worker end id=4
