[debug] T[0]: n_instrs=25386 n_edges=5
[debug] T[1]: n_instrs=25386 n_edges=5
[debug] T[2]: n_instrs=25386 n_edges=5
[debug] T[3]: n_instrs=25385 n_edges=5
[debug] T[4]: n_instrs=25385 n_edges=5
[debug] T[5]: n_instrs=25385 n_edges=5
Procs 12
[debug] worker start id=0 TID=32083 CPU=9
[debug] worker start id=1 TID=32084 CPU=10
[debug] worker start id=2 TID=32085 CPU=6
[debug] worker start id=3 TID=32086 CPU=9
[debug] worker start id=4 TID=32087 CPU=9
[debug] worker start id=5 TID=32088 CPU=9
[DIV0] DIV pe=3 instr=0x7f97a45947b0 tag=0 exec=1 a=0 b=0 immed=0 hits=1
[DIV0] DIV pe=3 instr=0x7f97a45947b0 tag=0 exec=1 a=0 b=0 immed=0 hits=2
[debug] worker end id=5
[debug] worker end id=1
[debug] worker end id=0
[debug] worker end id=4
[debug] worker end id=2
[debug] worker end id=3
