[debug] T[0]: n_instrs=75 n_edges=5
[debug] T[1]: n_instrs=75 n_edges=5
[debug] T[2]: n_instrs=75 n_edges=5
[debug] T[3]: n_instrs=75 n_edges=5
[debug] T[4]: n_instrs=75 n_edges=5
[debug] T[5]: n_instrs=75 n_edges=5
Procs 12
[debug] worker start id=0 TID=3093 CPU=9
[debug] worker start id=1 TID=3094 CPU=8
[debug] worker start id=2 TID=3095 CPU=9
[debug] worker start id=3 TID=3096 CPU=9
[debug] worker start id=4 TID=3097 CPU=9
[debug] worker start id=5 TID=3098 CPU=9
[DIV0] DIV pe=0 instr=0x7f6f88ec6a00 tag=0 exec=1 a=0 b=0 immed=0 hits=1
[DIV0] DIV pe=4 instr=0x7f6f7b9d3500 tag=0 exec=1048577 a=0 b=0 immed=0 hits=2
[DIV0] DIV pe=4 instr=0x7f6f7b9d3500 tag=0 exec=1 a=0 b=0 immed=0 hits=3
[DIV0] DIV pe=4 instr=0x7f6f7b9d3500 tag=0 exec=1 a=0 b=0 immed=0 hits=4
[DIV0] DIV pe=4 instr=0x7f6f7b9d3500 tag=0 exec=1048577 a=0 b=0 immed=0 hits=5
[DIV0] DIV pe=0 instr=0x7f6f88ec6a00 tag=0 exec=1 a=0 b=0 immed=0 hits=6
[DIV0] DIV pe=0 instr=0x7f6f88ec6a00 tag=0 exec=1048577 a=0 b=0 immed=0 hits=7
[debug] worker end id=4
[debug] worker end id=3
[debug] worker end id=2
[debug] worker end id=5
[debug] worker end id=1
[debug] worker end id=0
